

> frontend@0.0.1 format /Users/hieudoan/git/github.com/hieudoanm/apps/gh-extensions/packages/frontend
> prettier --cache --write .

.gitignore[2K[1G.node-version[2K[1G.npmrc[2K[1G.nvmrc[2K[1G.prettierignore[2K[1G.prettierrc.json[2K[1G[90m.prettierrc.json[39m 9ms (unchanged)
.turbo/turbo-build.log[2K[1G.turbo/turbo-format.log[2K[1G.turbo/turbo-lint.log[2K[1Geslint.config.mjs[2K[1Geslint.config.mjs 23ms
next.config.ts[2K[1G[90mnext.config.ts[39m 9ms (unchanged)
package.json[2K[1G[90mpackage.json[39m 1ms (unchanged)
postcss.config.mjs[2K[1Gpostcss.config.mjs 1ms
public/favicon.ico[2K[1Gpublic/file.svg[2K[1Gpublic/globe.svg[2K[1Gpublic/next.svg[2K[1Gpublic/vercel.svg[2K[1Gpublic/window.svg[2K[1GREADME.md[2K[1G[90mREADME.md[39m 15ms (unchanged)
src/components/Divider.tsx[2K[1G[90msrc/components/Divider.tsx[39m 9ms (unchanged)
src/components/GitHubLanguages.tsx[2K[1G[90msrc/components/GitHubLanguages.tsx[39m 15ms (unchanged)
src/components/GitHubSocialPreview.tsx[2K[1G[90msrc/components/GitHubSocialPreview.tsx[39m 6ms (unchanged)
src/components/Navbar.tsx[2K[1G[90msrc/components/Navbar.tsx[39m 3ms (unchanged)
src/constants/app.ts[2K[1G[90msrc/constants/app.ts[39m 2ms (unchanged)
src/data/languages.json[2K[1G[90msrc/data/languages.json[39m 75ms (unchanged)
src/pages/_app.tsx[2K[1G[90msrc/pages/_app.tsx[39m 8ms (unchanged)
src/pages/_document.tsx[2K[1G[90msrc/pages/_document.tsx[39m 3ms (unchanged)
src/pages/downloads/index.tsx[2K[1G[90msrc/pages/downloads/index.tsx[39m 58ms (unchanged)
src/pages/index.tsx[2K[1G[90msrc/pages/index.tsx[39m 13ms (unchanged)
src/pages/languages/index.tsx[2K[1G[90msrc/pages/languages/index.tsx[39m 5ms (unchanged)
src/pages/preview/index.tsx[2K[1G[90msrc/pages/preview/index.tsx[39m 5ms (unchanged)
src/styles/globals.css[2K[1G[90msrc/styles/globals.css[39m 5ms (unchanged)
src/utils/colors.ts[2K[1G[90msrc/utils/colors.ts[39m 4ms (unchanged)
src/utils/try-catch.ts[2K[1G[90msrc/utils/try-catch.ts[39m 3ms (unchanged)
tsconfig.json[2K[1G[90mtsconfig.json[39m 1ms (unchanged)
